# JRE version: OpenJDK Runtime Environment Temurin-21.0.10+7 (21.0.10+7) (build 21.0.10+7-LTS)
# Java VM: OpenJDK 64-Bit Server VM Temurin-21.0.10+7 (21.0.10+7-LTS, mixed mode, sharing, tiered, compressed oops, compressed class ptrs, parallel gc, windows-amd64)
GC Precious Log:
 CardTable entry size: 512
 CPUs: 12 total, 12 available
 Memory: 7518M
 Large Page Support: Disabled
 NUMA Support: Disabled
 Compressed Oops: Enabled (32-bit)
 Alignments: Space 512K, Generation 512K, Heap 2M
 Heap Min Capacity: 100M
 Heap Initial Capacity: 100M
 Heap Max Capacity: 2G
 Pre-touch: Disabled
 Parallel Workers: 10
Heap:
 PSYoungGen      total 3072K, used 2942K [0x00000000d5580000, 0x00000000d5b80000, 0x0000000100000000)
  eden space 2560K, 94% used [0x00000000d5580000,0x00000000d57dfb28,0x00000000d5800000)
  from space 512K, 100% used [0x00000000d5800000,0x00000000d5880000,0x00000000d5880000)
  to   space 1536K, 0% used [0x00000000d5a00000,0x00000000d5a00000,0x00000000d5b80000)
 ParOldGen       total 1041408K, used 1041365K [0x0000000080000000, 0x00000000bf900000, 0x00000000d5580000)
  object space 1041408K, 99% used [0x0000000080000000,0x00000000bf8f57d8,0x00000000bf900000)
 Metaspace       used 93711K, committed 95424K, reserved 1179648K
  class space    used 9137K, committed 9920K, reserved 1048576K
GC Heap History (20 events):
Event: 520270.887 GC heap after
{Heap after GC invocations=11349 (full 11):
 PSYoungGen      total 2560K, used 336K [0x00000000d5580000, 0x00000000d5880000, 0x0000000100000000)
  eden space 2048K, 0% used [0x00000000d5580000,0x00000000d5580000,0x00000000d5780000)
  from space 512K, 65% used [0x00000000d5800000,0x00000000d5854010,0x00000000d5880000)
  to   space 512K, 0% used [0x00000000d5780000,0x00000000d5780000,0x00000000d5800000)
 ParOldGen       total 1039360K, used 1039175K [0x0000000080000000, 0x00000000bf700000, 0x00000000d5580000)
  object space 1039360K, 99% used [0x0000000080000000,0x00000000bf6d1fc8,0x00000000bf700000)
 Metaspace       used 93710K, committed 95424K, reserved 1179648K
  class space    used 9137K, committed 9920K, reserved 1048576K
}
Event: 520271.120 GC heap before
{Heap before GC invocations=11350 (full 11):
 PSYoungGen      total 2560K, used 2384K [0x00000000d5580000, 0x00000000d5880000, 0x0000000100000000)
  eden space 2048K, 100% used [0x00000000d5580000,0x00000000d5780000,0x00000000d5780000)
  from space 512K, 65% used [0x00000000d5800000,0x00000000d5854010,0x00000000d5880000)
  to   space 512K, 0% used [0x00000000d5780000,0x00000000d5780000,0x00000000d5800000)
 ParOldGen       total 1039360K, used 1039175K [0x0000000080000000, 0x00000000bf700000, 0x00000000d5580000)
  object space 1039360K, 99% used [0x0000000080000000,0x00000000bf6d1fc8,0x00000000bf700000)
 Metaspace       used 93710K, committed 95424K, reserved 1179648K
  class space    used 9137K, committed 9920K, reserved 1048576K
}
Event: 520271.122 GC heap after
{Heap after GC invocations=11350 (full 11):
 PSYoungGen      total 2560K, used 320K [0x00000000d5580000, 0x00000000d5880000, 0x0000000100000000)
  eden space 2048K, 0% used [0x00000000d5580000,0x00000000d5580000,0x00000000d5780000)
  from space 512K, 62% used [0x00000000d5780000,0x00000000d57d0000,0x00000000d5800000)
  to   space 512K, 0% used [0x00000000d5800000,0x00000000d5800000,0x00000000d5880000)
 ParOldGen       total 1039360K, used 1039175K [0x0000000080000000, 0x00000000bf700000, 0x00000000d5580000)
  object space 1039360K, 99% used [0x0000000080000000,0x00000000bf6d1fc8,0x00000000bf700000)
 Metaspace       used 93710K, committed 95424K, reserved 1179648K
  class space    used 9137K, committed 9920K, reserved 1048576K
}
Event: 520271.365 GC heap before
{Heap before GC invocations=11351 (full 11):
 PSYoungGen      total 2560K, used 2367K [0x00000000d5580000, 0x00000000d5880000, 0x0000000100000000)
  eden space 2048K, 99% used [0x00000000d5580000,0x00000000d577fcb0,0x00000000d5780000)
  from space 512K, 62% used [0x00000000d5780000,0x00000000d57d0000,0x00000000d5800000)
  to   space 512K, 0% used [0x00000000d5800000,0x00000000d5800000,0x00000000d5880000)
 ParOldGen       total 1039360K, used 1039175K [0x0000000080000000, 0x00000000bf700000, 0x00000000d5580000)
  object space 1039360K, 99% used [0x0000000080000000,0x00000000bf6d1fc8,0x00000000bf700000)
 Metaspace       used 93710K, committed 95424K, reserved 1179648K
  class space    used 9137K, committed 9920K, reserved 1048576K
}
Event: 520271.368 GC heap after
{Heap after GC invocations=11351 (full 11):
 PSYoungGen      total 2560K, used 288K [0x00000000d5580000, 0x00000000d5880000, 0x0000000100000000)
  eden space 2048K, 0% used [0x00000000d5580000,0x00000000d5580000,0x00000000d5780000)
  from space 512K, 56% used [0x00000000d5800000,0x00000000d5848000,0x00000000d5880000)
  to   space 512K, 0% used [0x00000000d5780000,0x00000000d5780000,0x00000000d5800000)
 ParOldGen       total 1039360K, used 1039199K [0x0000000080000000, 0x00000000bf700000, 0x00000000d5580000)
  object space 1039360K, 99% used [0x0000000080000000,0x00000000bf6d7fc8,0x00000000bf700000)
 Metaspace       used 93710K, committed 95424K, reserved 1179648K
  class space    used 9137K, committed 9920K, reserved 1048576K
}
Event: 520271.504 GC heap before
{Heap before GC invocations=11352 (full 11):
 PSYoungGen      total 2560K, used 2336K [0x00000000d5580000, 0x00000000d5880000, 0x0000000100000000)
  eden space 2048K, 100% used [0x00000000d5580000,0x00000000d5780000,0x00000000d5780000)
  from space 512K, 56% used [0x00000000d5800000,0x00000000d5848000,0x00000000d5880000)
  to   space 512K, 0% used [0x00000000d5780000,0x00000000d5780000,0x00000000d5800000)
 ParOldGen       total 1039360K, used 1039199K [0x0000000080000000, 0x00000000bf700000, 0x00000000d5580000)
  object space 1039360K, 99% used [0x0000000080000000,0x00000000bf6d7fc8,0x00000000bf700000)
 Metaspace       used 93710K, committed 95424K, reserved 1179648K
  class space    used 9137K, committed 9920K, reserved 1048576K
}
Event: 520271.511 GC heap after
{Heap after GC invocations=11352 (full 11):
 PSYoungGen      total 2560K, used 496K [0x00000000d5580000, 0x00000000d5980000, 0x0000000100000000)
  eden space 2048K, 0% used [0x00000000d5580000,0x00000000d5580000,0x00000000d5780000)
  from space 512K, 96% used [0x00000000d5780000,0x00000000d57fc010,0x00000000d5800000)
  to   space 1024K, 0% used [0x00000000d5880000,0x00000000d5880000,0x00000000d5980000)
 ParOldGen       total 1039360K, used 1039247K [0x0000000080000000, 0x00000000bf700000, 0x00000000d5580000)
  object space 1039360K, 99% used [0x0000000080000000,0x00000000bf6e3fc8,0x00000000bf700000)
 Metaspace       used 93710K, committed 95424K, reserved 1179648K
  class space    used 9137K, committed 9920K, reserved 1048576K
}
Event: 520271.773 GC heap before
{Heap before GC invocations=11353 (full 11):
 PSYoungGen      total 2560K, used 2544K [0x00000000d5580000, 0x00000000d5980000, 0x0000000100000000)
  eden space 2048K, 100% used [0x00000000d5580000,0x00000000d5780000,0x00000000d5780000)
  from space 512K, 96% used [0x00000000d5780000,0x00000000d57fc010,0x00000000d5800000)
  to   space 1024K, 0% used [0x00000000d5880000,0x00000000d5880000,0x00000000d5980000)
 ParOldGen       total 1039360K, used 1039247K [0x0000000080000000, 0x00000000bf700000, 0x00000000d5580000)
  object space 1039360K, 99% used [0x0000000080000000,0x00000000bf6e3fc8,0x00000000bf700000)
 Metaspace       used 93710K, committed 95424K, reserved 1179648K
  class space    used 9137K, committed 9920K, reserved 1048576K
}
Event: 520271.780 GC heap after
{Heap after GC invocations=11353 (full 11):
 PSYoungGen      total 2560K, used 320K [0x00000000d5580000, 0x00000000d5900000, 0x0000000100000000)
  eden space 2048K, 0% used [0x00000000d5580000,0x00000000d5580000,0x00000000d5780000)
  from space 512K, 62% used [0x00000000d5880000,0x00000000d58d0000,0x00000000d5900000)
  to   space 512K, 0% used [0x00000000d5780000,0x00000000d5780000,0x00000000d5800000)
 ParOldGen       total 1039872K, used 1039719K [0x0000000080000000, 0x00000000bf780000, 0x00000000d5580000)
  object space 1039872K, 99% used [0x0000000080000000,0x00000000bf759fd8,0x00000000bf780000)
 Metaspace       used 93710K, committed 95424K, reserved 1179648K
  class space    used 9137K, committed 9920K, reserved 1048576K
}
Event: 520272.331 GC heap before
{Heap before GC invocations=11354 (full 11):
 PSYoungGen      total 2560K, used 2368K [0x00000000d5580000, 0x00000000d5900000, 0x0000000100000000)
  eden space 2048K, 100% used [0x00000000d5580000,0x00000000d5780000,0x00000000d5780000)
  from space 512K, 62% used [0x00000000d5880000,0x00000000d58d0000,0x00000000d5900000)
  to   space 512K, 0% used [0x00000000d5780000,0x00000000d5780000,0x00000000d5800000)
 ParOldGen       total 1039872K, used 1039719K [0x0000000080000000, 0x00000000bf780000, 0x00000000d5580000)
  object space 1039872K, 99% used [0x0000000080000000,0x00000000bf759fd8,0x00000000bf780000)
 Metaspace       used 93711K, committed 95424K, reserved 1179648K
  class space    used 9137K, committed 9920K, reserved 1048576K
}
Event: 520272.334 GC heap after
{Heap after GC invocations=11354 (full 11):
 PSYoungGen      total 2560K, used 288K [0x00000000d5580000, 0x00000000d5900000, 0x0000000100000000)
  eden space 2048K, 0% used [0x00000000d5580000,0x00000000d5580000,0x00000000d5780000)
  from space 512K, 56% used [0x00000000d5780000,0x00000000d57c8000,0x00000000d5800000)
  to   space 512K, 0% used [0x00000000d5880000,0x00000000d5880000,0x00000000d5900000)
 ParOldGen       total 1039872K, used 1039815K [0x0000000080000000, 0x00000000bf780000, 0x00000000d5580000)
  object space 1039872K, 99% used [0x0000000080000000,0x00000000bf771fd8,0x00000000bf780000)
 Metaspace       used 93711K, committed 95424K, reserved 1179648K
  class space    used 9137K, committed 9920K, reserved 1048576K
}
Event: 520272.466 GC heap before
{Heap before GC invocations=11355 (full 11):
 PSYoungGen      total 2560K, used 2336K [0x00000000d5580000, 0x00000000d5900000, 0x0000000100000000)
  eden space 2048K, 100% used [0x00000000d5580000,0x00000000d5780000,0x00000000d5780000)
  from space 512K, 56% used [0x00000000d5780000,0x00000000d57c8000,0x00000000d5800000)
  to   space 512K, 0% used [0x00000000d5880000,0x00000000d5880000,0x00000000d5900000)
 ParOldGen       total 1039872K, used 1039815K [0x0000000080000000, 0x00000000bf780000, 0x00000000d5580000)
  object space 1039872K, 99% used [0x0000000080000000,0x00000000bf771fd8,0x00000000bf780000)
 Metaspace       used 93711K, committed 95424K, reserved 1179648K
  class space    used 9137K, committed 9920K, reserved 1048576K
}
Event: 520272.470 GC heap after
{Heap after GC invocations=11355 (full 11):
 PSYoungGen      total 2560K, used 512K [0x00000000d5580000, 0x00000000d5980000, 0x0000000100000000)
  eden space 2048K, 0% used [0x00000000d5580000,0x00000000d5580000,0x00000000d5780000)
  from space 512K, 100% used [0x00000000d5880000,0x00000000d5900000,0x00000000d5900000)
  to   space 1024K, 0% used [0x00000000d5780000,0x00000000d5780000,0x00000000d5880000)
 ParOldGen       total 1040384K, used 1039879K [0x0000000080000000, 0x00000000bf800000, 0x00000000d5580000)
  object space 1040384K, 99% used [0x0000000080000000,0x00000000bf781fd8,0x00000000bf800000)
 Metaspace       used 93711K, committed 95424K, reserved 1179648K
  class space    used 9137K, committed 9920K, reserved 1048576K
}
Event: 520272.681 GC heap before
{Heap before GC invocations=11356 (full 11):
 PSYoungGen      total 2560K, used 2560K [0x00000000d5580000, 0x00000000d5980000, 0x0000000100000000)
  eden space 2048K, 100% used [0x00000000d5580000,0x00000000d5780000,0x00000000d5780000)
  from space 512K, 100% used [0x00000000d5880000,0x00000000d5900000,0x00000000d5900000)
  to   space 1024K, 0% used [0x00000000d5780000,0x00000000d5780000,0x00000000d5880000)
 ParOldGen       total 1040384K, used 1039879K [0x0000000080000000, 0x00000000bf800000, 0x00000000d5580000)
  object space 1040384K, 99% used [0x0000000080000000,0x00000000bf781fd8,0x00000000bf800000)
 Metaspace       used 93711K, committed 95424K, reserved 1179648K
  class space    used 9137K, committed 9920K, reserved 1048576K
}
Event: 520272.684 GC heap after
{Heap after GC invocations=11356 (full 11):
 PSYoungGen      total 3072K, used 384K [0x00000000d5580000, 0x00000000d5900000, 0x0000000100000000)
  eden space 2048K, 0% used [0x00000000d5580000,0x00000000d5580000,0x00000000d5780000)
  from space 1024K, 37% used [0x00000000d5780000,0x00000000d57e0000,0x00000000d5880000)
  to   space 512K, 0% used [0x00000000d5880000,0x00000000d5880000,0x00000000d5900000)
 ParOldGen       total 1040384K, used 1040301K [0x0000000080000000, 0x00000000bf800000, 0x00000000d5580000)
  object space 1040384K, 99% used [0x0000000080000000,0x00000000bf7eb468,0x00000000bf800000)
 Metaspace       used 93711K, committed 95424K, reserved 1179648K
  class space    used 9137K, committed 9920K, reserved 1048576K
}
Event: 520272.881 GC heap before
{Heap before GC invocations=11357 (full 11):
 PSYoungGen      total 3072K, used 2432K [0x00000000d5580000, 0x00000000d5900000, 0x0000000100000000)
  eden space 2048K, 100% used [0x00000000d5580000,0x00000000d5780000,0x00000000d5780000)
  from space 1024K, 37% used [0x00000000d5780000,0x00000000d57e0000,0x00000000d5880000)
  to   space 512K, 0% used [0x00000000d5880000,0x00000000d5880000,0x00000000d5900000)
 ParOldGen       total 1040384K, used 1040301K [0x0000000080000000, 0x00000000bf800000, 0x00000000d5580000)
  object space 1040384K, 99% used [0x0000000080000000,0x00000000bf7eb468,0x00000000bf800000)
 Metaspace       used 93711K, committed 95424K, reserved 1179648K
  class space    used 9137K, committed 9920K, reserved 1048576K
}
Event: 520272.889 GC heap after
{Heap after GC invocations=11357 (full 11):
 PSYoungGen      total 2560K, used 512K [0x00000000d5580000, 0x00000000d5980000, 0x0000000100000000)
  eden space 2048K, 0% used [0x00000000d5580000,0x00000000d5580000,0x00000000d5780000)
  from space 512K, 100% used [0x00000000d5880000,0x00000000d5900000,0x00000000d5900000)
  to   space 1024K, 0% used [0x00000000d5780000,0x00000000d5780000,0x00000000d5880000)
 ParOldGen       total 1040896K, used 1040434K [0x0000000080000000, 0x00000000bf880000, 0x00000000d5580000)
  object space 1040896K, 99% used [0x0000000080000000,0x00000000bf80c8e8,0x00000000bf880000)
 Metaspace       used 93711K, committed 95424K, reserved 1179648K
  class space    used 9137K, committed 9920K, reserved 1048576K
}
Event: 520273.002 GC heap before
{Heap before GC invocations=11358 (full 11):
 PSYoungGen      total 2560K, used 2560K [0x00000000d5580000, 0x00000000d5980000, 0x0000000100000000)
  eden space 2048K, 100% used [0x00000000d5580000,0x00000000d5780000,0x00000000d5780000)
  from space 512K, 100% used [0x00000000d5880000,0x00000000d5900000,0x00000000d5900000)
  to   space 1024K, 0% used [0x00000000d5780000,0x00000000d5780000,0x00000000d5880000)
 ParOldGen       total 1040896K, used 1040434K [0x0000000080000000, 0x00000000bf880000, 0x00000000d5580000)
  object space 1040896K, 99% used [0x0000000080000000,0x00000000bf80c8e8,0x00000000bf880000)
 Metaspace       used 93711K, committed 95424K, reserved 1179648K
  class space    used 9137K, committed 9920K, reserved 1048576K
}
Event: 520273.006 GC heap after
{Heap after GC invocations=11358 (full 11):
 PSYoungGen      total 3072K, used 528K [0x00000000d5580000, 0x00000000d5980000, 0x0000000100000000)
  eden space 2048K, 0% used [0x00000000d5580000,0x00000000d5580000,0x00000000d5780000)
  from space 1024K, 51% used [0x00000000d5780000,0x00000000d5804010,0x00000000d5880000)
  to   space 1024K, 0% used [0x00000000d5880000,0x00000000d5880000,0x00000000d5980000)
 ParOldGen       total 1040896K, used 1040866K [0x0000000080000000, 0x00000000bf880000, 0x00000000d5580000)
  object space 1040896K, 99% used [0x0000000080000000,0x00000000bf8788f8,0x00000000bf880000)
 Metaspace       used 93711K, committed 95424K, reserved 1179648K
  class space    used 9137K, committed 9920K, reserved 1048576K
}
Event: 520273.283 GC heap before
{Heap before GC invocations=11359 (full 11):
 PSYoungGen      total 3072K, used 2576K [0x00000000d5580000, 0x00000000d5980000, 0x0000000100000000)
  eden space 2048K, 100% used [0x00000000d5580000,0x00000000d5780000,0x00000000d5780000)
  from space 1024K, 51% used [0x00000000d5780000,0x00000000d5804010,0x00000000d5880000)
  to   space 1024K, 0% used [0x00000000d5880000,0x00000000d5880000,0x00000000d5980000)
 ParOldGen       total 1040896K, used 1040866K [0x0000000080000000, 0x00000000bf880000, 0x00000000d5580000)
  object space 1040896K, 99% used [0x0000000080000000,0x00000000bf8788f8,0x00000000bf880000)
 Metaspace       used 93711K, committed 95424K, reserved 1179648K
  class space    used 9137K, committed 9920K, reserved 1048576K
}

